<?xml version="1.0" encoding="UTF-8"?>
<testng-results skipped="0" failed="0" total="1" passed="1">
  <reporter-output>
  </reporter-output>
  <suite name="Default suite" duration-ms="18744" started-at="2020-06-11T13:03:20Z" finished-at="2020-06-11T13:03:38Z">
    <groups>
    </groups>
    <test name="Default test" duration-ms="18744" started-at="2020-06-11T13:03:20Z" finished-at="2020-06-11T13:03:38Z">
      <class name="com.jenkins.Jenkins">
        <test-method status="PASS" signature="setUp()[pri:0, instance:com.jenkins.Jenkins@28d25987]" name="setUp" is-config="true" duration-ms="17275" started-at="2020-06-11T18:33:20Z" finished-at="2020-06-11T18:33:37Z">
          <reporter-output>
          </reporter-output>
        </test-method> <!-- setUp -->
        <test-method status="PASS" signature="testcase()[pri:0, instance:com.jenkins.Jenkins@28d25987]" name="testcase" duration-ms="39" started-at="2020-06-11T18:33:37Z" finished-at="2020-06-11T18:33:37Z">
          <reporter-output>
          </reporter-output>
        </test-method> <!-- testcase -->
        <test-method status="PASS" signature="tearDown()[pri:0, instance:com.jenkins.Jenkins@28d25987]" name="tearDown" is-config="true" duration-ms="1394" started-at="2020-06-11T18:33:37Z" finished-at="2020-06-11T18:33:38Z">
          <reporter-output>
          </reporter-output>
        </test-method> <!-- tearDown -->
      </class> <!-- com.jenkins.Jenkins -->
    </test> <!-- Default test -->
  </suite> <!-- Default suite -->
</testng-results>
